# JRE version: Java(TM) SE Runtime Environment (8.0_152-b16) (build 1.8.0_152-b16)
# Java VM: Java HotSpot(TM) 64-Bit Server VM (25.152-b16 mixed mode bsd-amd64 compressed oops)
Heap:
 PSYoungGen      total 137216K, used 105647K [0x00000007aab00000, 0x00000007b7800000, 0x00000007c0000000)
  eden space 125440K, 74% used [0x00000007aab00000,0x00000007b06aef60,0x00000007b2580000)
  from space 11776K, 99% used [0x00000007b2580000,0x00000007b30fcf10,0x00000007b3100000)
  to   space 15360K, 0% used [0x00000007b6900000,0x00000007b6900000,0x00000007b7800000)
 ParOldGen       total 57344K, used 25936K [0x0000000780000000, 0x0000000783800000, 0x00000007aab00000)
  object space 57344K, 45% used [0x0000000780000000,0x0000000781954260,0x0000000783800000)
 Metaspace       used 53590K, capacity 56278K, committed 56448K, reserved 1097728K
  class space    used 7526K, capacity 7985K, committed 8064K, reserved 1048576K
GC Heap History (10 events):
Event: 4.581 GC heap before
{Heap before GC invocations=9 (full 1):
 PSYoungGen      total 71680K, used 68576K [0x00000007aab00000, 0x00000007b1a00000, 0x00000007c0000000)
  eden space 65024K, 100% used [0x00000007aab00000,0x00000007aea80000,0x00000007aea80000)
  from space 6656K, 53% used [0x00000007aea80000,0x00000007aedf8370,0x00000007af100000)
  to   space 6656K, 0% used [0x00000007b1380000,0x00000007b1380000,0x00000007b1a00000)
 ParOldGen       total 34304K, used 6973K [0x0000000780000000, 0x0000000782180000, 0x00000007aab00000)
  object space 34304K, 20% used [0x0000000780000000,0x00000007806cf628,0x0000000782180000)
 Metaspace       used 26440K, capacity 27550K, committed 27776K, reserved 1073152K
  class space    used 3602K, capacity 3852K, committed 3968K, reserved 1048576K
Event: 4.593 GC heap after
Heap after GC invocations=9 (full 1):
 PSYoungGen      total 103936K, used 6646K [0x00000007aab00000, 0x00000007b1a00000, 0x00000007c0000000)
  eden space 97280K, 0% used [0x00000007aab00000,0x00000007aab00000,0x00000007b0a00000)
  from space 6656K, 99% used [0x00000007b1380000,0x00000007b19fd930,0x00000007b1a00000)
  to   space 8192K, 0% used [0x00000007b0a00000,0x00000007b0a00000,0x00000007b1200000)
 ParOldGen       total 34304K, used 8833K [0x0000000780000000, 0x0000000782180000, 0x00000007aab00000)
  object space 34304K, 25% used [0x0000000780000000,0x00000007808a04d0,0x0000000782180000)
 Metaspace       used 26440K, capacity 27550K, committed 27776K, reserved 1073152K
  class space    used 3602K, capacity 3852K, committed 3968K, reserved 1048576K
}
Event: 6.840 GC heap before
{Heap before GC invocations=10 (full 1):
 PSYoungGen      total 103936K, used 103926K [0x00000007aab00000, 0x00000007b1a00000, 0x00000007c0000000)
  eden space 97280K, 100% used [0x00000007aab00000,0x00000007b0a00000,0x00000007b0a00000)
  from space 6656K, 99% used [0x00000007b1380000,0x00000007b19fd930,0x00000007b1a00000)
  to   space 8192K, 0% used [0x00000007b0a00000,0x00000007b0a00000,0x00000007b1200000)
 ParOldGen       total 34304K, used 8833K [0x0000000780000000, 0x0000000782180000, 0x00000007aab00000)
  object space 34304K, 25% used [0x0000000780000000,0x00000007808a04d0,0x0000000782180000)
 Metaspace       used 33092K, capacity 34734K, committed 35072K, reserved 1079296K
  class space    used 4440K, capacity 4776K, committed 4864K, reserved 1048576K
Event: 6.884 GC heap after
Heap after GC invocations=10 (full 1):
 PSYoungGen      total 105472K, used 8175K [0x00000007aab00000, 0x00000007b3d00000, 0x00000007c0000000)
  eden space 97280K, 0% used [0x00000007aab00000,0x00000007aab00000,0x00000007b0a00000)
  from space 8192K, 99% used [0x00000007b0a00000,0x00000007b11fbfb8,0x00000007b1200000)
  to   space 12288K, 0% used [0x00000007b3100000,0x00000007b3100000,0x00000007b3d00000)
 ParOldGen       total 34304K, used 16819K [0x0000000780000000, 0x0000000782180000, 0x00000007aab00000)
  object space 34304K, 49% used [0x0000000780000000,0x000000078106cd00,0x0000000782180000)
 Metaspace       used 33092K, capacity 34734K, committed 35072K, reserved 1079296K
  class space    used 4440K, capacity 4776K, committed 4864K, reserved 1048576K
}
Event: 6.956 GC heap before
{Heap before GC invocations=11 (full 1):
 PSYoungGen      total 105472K, used 12371K [0x00000007aab00000, 0x00000007b3d00000, 0x00000007c0000000)
  eden space 97280K, 4% used [0x00000007aab00000,0x00000007aaf18ee0,0x00000007b0a00000)
  from space 8192K, 99% used [0x00000007b0a00000,0x00000007b11fbfb8,0x00000007b1200000)
  to   space 12288K, 0% used [0x00000007b3100000,0x00000007b3100000,0x00000007b3d00000)
 ParOldGen       total 34304K, used 16819K [0x0000000780000000, 0x0000000782180000, 0x00000007aab00000)
  object space 34304K, 49% used [0x0000000780000000,0x000000078106cd00,0x0000000782180000)
 Metaspace       used 33845K, capacity 35440K, committed 35496K, reserved 1079296K
  class space    used 4531K, capacity 4841K, committed 4864K, reserved 1048576K
Event: 6.989 GC heap after
Heap after GC invocations=11 (full 1):
 PSYoungGen      total 137728K, used 4476K [0x00000007aab00000, 0x00000007b4d00000, 0x00000007c0000000)
  eden space 125440K, 0% used [0x00000007aab00000,0x00000007aab00000,0x00000007b2580000)
  from space 12288K, 36% used [0x00000007b3100000,0x00000007b355f008,0x00000007b3d00000)
  to   space 11776K, 0% used [0x00000007b2580000,0x00000007b2580000,0x00000007b3100000)
 ParOldGen       total 34304K, used 20996K [0x0000000780000000, 0x0000000782180000, 0x00000007aab00000)
  object space 34304K, 61% used [0x0000000780000000,0x0000000781481058,0x0000000782180000)
 Metaspace       used 33845K, capacity 35440K, committed 35496K, reserved 1079296K
  class space    used 4531K, capacity 4841K, committed 4864K, reserved 1048576K
}
Event: 6.989 GC heap before
{Heap before GC invocations=12 (full 2):
 PSYoungGen      total 137728K, used 4476K [0x00000007aab00000, 0x00000007b4d00000, 0x00000007c0000000)
  eden space 125440K, 0% used [0x00000007aab00000,0x00000007aab00000,0x00000007b2580000)
  from space 12288K, 36% used [0x00000007b3100000,0x00000007b355f008,0x00000007b3d00000)
  to   space 11776K, 0% used [0x00000007b2580000,0x00000007b2580000,0x00000007b3100000)
 ParOldGen       total 34304K, used 20996K [0x0000000780000000, 0x0000000782180000, 0x00000007aab00000)
  object space 34304K, 61% used [0x0000000780000000,0x0000000781481058,0x0000000782180000)
 Metaspace       used 33845K, capacity 35440K, committed 35496K, reserved 1079296K
  class space    used 4531K, capacity 4841K, committed 4864K, reserved 1048576K
Event: 7.127 GC heap after
Heap after GC invocations=12 (full 2):
 PSYoungGen      total 137728K, used 0K [0x00000007aab00000, 0x00000007b4d00000, 0x00000007c0000000)
  eden space 125440K, 0% used [0x00000007aab00000,0x00000007aab00000,0x00000007b2580000)
  from space 12288K, 0% used [0x00000007b3100000,0x00000007b3100000,0x00000007b3d00000)
  to   space 11776K, 0% used [0x00000007b2580000,0x00000007b2580000,0x00000007b3100000)
 ParOldGen       total 57344K, used 21146K [0x0000000780000000, 0x0000000783800000, 0x00000007aab00000)
  object space 57344K, 36% used [0x0000000780000000,0x00000007814a6868,0x0000000783800000)
 Metaspace       used 33845K, capacity 35440K, committed 35496K, reserved 1079296K
  class space    used 4531K, capacity 4841K, committed 4864K, reserved 1048576K
}
Event: 10.084 GC heap before
{Heap before GC invocations=13 (full 2):
 PSYoungGen      total 137728K, used 125440K [0x00000007aab00000, 0x00000007b4d00000, 0x00000007c0000000)
  eden space 125440K, 100% used [0x00000007aab00000,0x00000007b2580000,0x00000007b2580000)
  from space 12288K, 0% used [0x00000007b3100000,0x00000007b3100000,0x00000007b3d00000)
  to   space 11776K, 0% used [0x00000007b2580000,0x00000007b2580000,0x00000007b3100000)
 ParOldGen       total 57344K, used 21146K [0x0000000780000000, 0x0000000783800000, 0x00000007aab00000)
  object space 57344K, 36% used [0x0000000780000000,0x00000007814a6868,0x0000000783800000)
 Metaspace       used 47325K, capacity 49558K, committed 49664K, reserved 1091584K
  class space    used 6704K, capacity 7135K, committed 7168K, reserved 1048576K
Event: 10.108 GC heap after
Heap after GC invocations=13 (full 2):
 PSYoungGen      total 137216K, used 11763K [0x00000007aab00000, 0x00000007b7800000, 0x00000007c0000000)
  eden space 125440K, 0% used [0x00000007aab00000,0x00000007aab00000,0x00000007b2580000)
  from space 11776K, 99% used [0x00000007b2580000,0x00000007b30fcf10,0x00000007b3100000)
  to   space 15360K, 0% used [0x00000007b6900000,0x00000007b6900000,0x00000007b7800000)
 ParOldGen       total 57344K, used 25936K [0x0000000780000000, 0x0000000783800000, 0x00000007aab00000)
  object space 57344K, 45% used [0x0000000780000000,0x0000000781954260,0x0000000783800000)
 Metaspace       used 47325K, capacity 49558K, committed 49664K, reserved 1091584K
  class space    used 6704K, capacity 7135K, committed 7168K, reserved 1048576K
}

